motherbot: 2025/04/13 00:11:32 core.go:38: INFO: InitializeBot
motherbot: 2025/04/13 00:11:33 core.go:38: INFO: Listening for messages
motherbot: 2025/04/13 00:11:47 core.go:38: INFO: Received from: viniheleno
motherbot: 2025/04/13 01:11:28 core.go:44: ERROR: error executing unknown command "utils" for "motherbot" script: %!v(MISSING)
motherbot: 2025/04/13 01:11:31 core.go:44: ERROR: error executing unknown command "util" for "motherbot" script: %!v(MISSING)
motherbot: 2025/04/13 01:21:49 core.go:38: INFO: InitializeBot
motherbot: 2025/04/13 01:21:51 core.go:38: INFO: Listening for messages
motherbot: 2025/04/13 03:24:50 core.go:44: ERROR: error executing unknown command "daemon" for "motherbot"

Did you mean this?
	deamon
 script: %!v(MISSING)
motherbot: 2025/04/13 03:31:20 core.go:44: ERROR: error executing unknown command "web" for "motherbot" script: %!v(MISSING)
motherbot: 2025/04/13 03:33:59 core.go:38: INFO: InitializeBot
motherbot: 2025/04/13 03:34:34 core.go:38: INFO: InitializeBot
motherbot: 2025/04/13 03:34:35 core.go:38: INFO: InitializeBot
motherbot: 2025/04/13 03:34:39 core.go:38: INFO: InitializeBot
motherbot: 2025/04/22 03:41:58 core.go:44: ERROR: error executing unknown command "alert" for "motherbot" script: %!v(MISSING)
motherbot: 2025/04/22 03:42:04 core.go:44: ERROR: error executing unknown command "alert" for "motherbot" script: %!v(MISSING)
motherbot: 2025/04/26 01:27:52 core.go:38: INFO: InitializeBot
motherbot: 2025/04/26 01:27:54 core.go:38: INFO: Listening for messages
